<?xml version="1.0" encoding="UTF-8"?>
<!-- Generated by org.testng.reporters.JUnitReportReporter -->
<testsuite hostname="LAPTOP-7J3HTLJ4" failures="0" tests="1" name="bikes.ToLaunchYamaha" time="20.882" errors="0" timestamp="2024-01-22T13:11:20 IST" skipped="0">
  <testcase classname="bikes.ToLaunchYamaha" name="yamaha" time="20.882">
    <system-out>
      <![CDATA[Yamaha got launched Successfully]]>
    </system-out>
  </testcase> <!-- yamaha -->
  <system-out>
    <![CDATA[Yamaha got launched Successfully
Hero got launched Successfully]]>
  </system-out>
</testsuite> <!-- bikes.ToLaunchYamaha -->
