<?xml version="1.0" encoding="UTF-8"?>
<!-- Generated by org.testng.reporters.JUnitReportReporter -->
<testsuite hostname="LAPTOP-7J3HTLJ4" failures="0" tests="3" name="advanceSeleniumTesting.ToLearnTestNG1" time="28.204" errors="0" timestamp="2024-01-19T11:29:33 IST" skipped="1">
  <testcase classname="advanceSeleniumTesting.ToLearnTestNG1" name="cricbuzz" time="9.059">
    <system-out>
      <![CDATA[Cricbuzz got executed Successfully]]>
    </system-out>
  </testcase> <!-- cricbuzz -->
  <testcase classname="advanceSeleniumTesting.ToLearnTestNG1" name="baskinRobbins" time="19.145">
    <system-out>
      <![CDATA[baskinRobbins got executed Successfully]]>
    </system-out>
  </testcase> <!-- baskinRobbins -->
  <testcase classname="advanceSeleniumTesting.ToLearnTestNG1" name="amazon">
    <skipped/>
  </testcase> <!-- amazon -->
  <system-out>
    <![CDATA[baskinRobbins got executed Successfully
Cricbuzz got executed Successfully]]>
  </system-out>
</testsuite> <!-- advanceSeleniumTesting.ToLearnTestNG1 -->
