<?xml version="1.0" encoding="UTF-8"?>
<!-- Generated by org.testng.reporters.JUnitReportReporter -->
<testsuite hostname="LAPTOP-7J3HTLJ4" failures="0" tests="1" name="bikes.RoyalEnfield" time="88.292" errors="0" timestamp="2024-01-22T11:21:47 IST" skipped="0">
  <testcase classname="bikes.RoyalEnfield" name="enfield" time="88.292">
    <system-out>
      <![CDATA[Enfield got launched Successfully]]>
    </system-out>
  </testcase> <!-- enfield -->
  <system-out>
    <![CDATA[KTM got launched Successfully
Enfield got launched Successfully]]>
  </system-out>
</testsuite> <!-- bikes.RoyalEnfield -->
