<?xml version="1.0" encoding="UTF-8"?>
<!-- Generated by org.testng.reporters.JUnitReportReporter -->
<testsuite hostname="LAPTOP-7J3HTLJ4" failures="0" tests="1" name="advanceSeleniumTesting.TC_DWS_001" time="7.298" errors="0" timestamp="2024-01-29T19:32:44 IST" skipped="0">
  <testcase classname="advanceSeleniumTesting.TC_DWS_001" name="toCheckBooksPage" time="7.298">
    <system-out>
      <![CDATA[Successfully navigated to Books page in DWS]]>
    </system-out>
  </testcase> <!-- toCheckBooksPage -->
  <system-out>
    <![CDATA[Browser got launched Successfully
Browser got maximized Successfully
Navigated to the DWS welcome page successfully
Navigated to the DWS HOMe page successfully
Successfully navigated to Books page in DWS
Successfully Logged out
Browser got closed Successfully
Browser got launched Successfully
Browser got maximized Successfully
Navigated to the DWS welcome page successfully
Navigated to the DWS HOMe page successfully
Successfully navigated to Computer page in DWS
Successfully Logged out
Browser got closed Successfully]]>
  </system-out>
</testsuite> <!-- advanceSeleniumTesting.TC_DWS_001 -->
