<?xml version="1.0" encoding="UTF-8"?>
<!-- Generated by org.testng.reporters.JUnitReportReporter -->
<testsuite hostname="LAPTOP-7J3HTLJ4" failures="0" tests="1" name="advanceSeleniumTesting.ConfigurationAnnotations" time="0.005" errors="0" timestamp="2024-01-31T17:21:47 IST" skipped="0">
  <testcase classname="advanceSeleniumTesting.ConfigurationAnnotations" name="testCase" time="0.005">
    <system-out>
      <![CDATA[Test Case got Executed]]>
    </system-out>
  </testcase> <!-- testCase -->
  <system-out>
    <![CDATA[Connection to Server
Connection to DB
Open the Browser
Logged in Successfully
Test Case got Executed
Logged out successfully
Close the browser
Disconnection to DB
Disconnection to Server]]>
  </system-out>
</testsuite> <!-- advanceSeleniumTesting.ConfigurationAnnotations -->
