<?xml version="1.0" encoding="UTF-8"?>
<!-- Generated by org.testng.reporters.JUnitReportReporter -->
<testsuite hostname="LAPTOP-7J3HTLJ4" failures="0" tests="3" name="advanceSeleniumTesting.ToLearnDependsOnMethods" time="0.018" errors="0" timestamp="2024-01-30T14:22:52 IST" skipped="0">
  <testcase classname="advanceSeleniumTesting.ToLearnDependsOnMethods" name="deleteAccount" time="0.002">
    <system-out>
      <![CDATA[Account Deleted Successfully]]>
    </system-out>
  </testcase> <!-- deleteAccount -->
  <testcase classname="advanceSeleniumTesting.ToLearnDependsOnMethods" name="editAccount" time="0.006">
    <system-out>
      <![CDATA[Account Edited Successfully]]>
    </system-out>
  </testcase> <!-- editAccount -->
  <testcase classname="advanceSeleniumTesting.ToLearnDependsOnMethods" name="createAccount" time="0.010">
    <system-out>
      <![CDATA[Account Created Successfully]]>
    </system-out>
  </testcase> <!-- createAccount -->
  <system-out>
    <![CDATA[Account Created Successfully
Account Edited Successfully
Account Deleted Successfully]]>
  </system-out>
</testsuite> <!-- advanceSeleniumTesting.ToLearnDependsOnMethods -->
