<?xml version="1.0" encoding="UTF-8"?>
<!-- Generated by org.testng.reporters.JUnitReportReporter -->
<testsuite hostname="LAPTOP-7J3HTLJ4" failures="0" tests="1" name="bikes.ToLaunchKTM" time="52.089" errors="0" timestamp="2024-01-22T11:21:47 IST" skipped="0">
  <testcase classname="bikes.ToLaunchKTM" name="katm" time="52.089">
    <system-out>
      <![CDATA[KTM got launched Successfully]]>
    </system-out>
  </testcase> <!-- katm -->
  <system-out>
    <![CDATA[KTM got launched Successfully
Enfield got launched Successfully]]>
  </system-out>
</testsuite> <!-- bikes.ToLaunchKTM -->
