<?xml version="1.0" encoding="UTF-8"?>
<!-- Generated by org.testng.reporters.JUnitReportReporter -->
<testsuite hostname="LAPTOP-7J3HTLJ4" failures="0" tests="1" name="advanceSeleniumTesting.MultipleScreenShot" time="25.730" errors="0" timestamp="2024-01-30T15:53:20 IST" skipped="0">
  <testcase classname="advanceSeleniumTesting.MultipleScreenShot" name="DemoWebShop" time="25.730"/>
</testsuite> <!-- advanceSeleniumTesting.MultipleScreenShot -->
